<?xml version="1.0" encoding="UTF-8"?>
<!-- Generated by org.testng.reporters.JUnitXMLReporter -->
<testsuite ignored="0" hostname="Jainas-Air" failures="1" tests="1" name="AmazonTest" time="12.459" errors="0" timestamp="2022-05-27T15:33:52 EDT">
  <testcase classname="com.qa.company.tests.AmazonTest" name="amazonTitleTest" time="0.022">
    <failure type="java.lang.NullPointerException">
      <![CDATA[java.lang.NullPointerException
at com.qa.company.tests.AmazonTest.amazonTitleTest(AmazonTest.java:27)
at java.base/java.util.ArrayList.forEach(ArrayList.java:1541)
... Removed 27 stack frames]]>
    </failure>
  </testcase> <!-- amazonTitleTest -->
</testsuite> <!-- AmazonTest -->
