<?xml version="1.0" encoding="UTF-8"?>
<!-- Generated by org.testng.reporters.JUnitXMLReporter -->
<testsuite ignored="0" hostname="Jainas-Air" failures="1" tests="1" name="EbayTest" time="6.863" errors="0" timestamp="2022-05-27T15:33:59 EDT">
  <testcase classname="com.qa.company.tests.EbayTest" name="EbayTitleTest" time="0.001">
    <failure type="java.lang.NullPointerException">
      <![CDATA[java.lang.NullPointerException
at com.qa.company.tests.EbayTest.EbayTitleTest(EbayTest.java:22)
at java.base/java.util.ArrayList.forEach(ArrayList.java:1541)
... Removed 27 stack frames]]>
    </failure>
  </testcase> <!-- EbayTitleTest -->
</testsuite> <!-- EbayTest -->
