<?xml version="1.0" encoding="UTF-8"?>
<testng-results ignored="0" total="6" passed="5" failed="1" skipped="0">
  <reporter-output>
  </reporter-output>
  <suite started-at="2022-06-13T20:03:32 EDT" name="Default suite" finished-at="2022-06-13T20:03:54 EDT" duration-ms="21520">
    <groups>
    </groups>
    <test started-at="2022-06-13T20:03:32 EDT" name="Default test" finished-at="2022-06-13T20:03:54 EDT" duration-ms="21520">
      <class name="com.qa.company.dataprovider.ExcelDataProvider">
        <test-method signature="loginTest(java.lang.Object,java.lang.Object)[pri:0, instance:com.qa.company.dataprovider.ExcelDataProvider@99af41d]" started-at="2022-06-13T20:03:33 EDT" name="loginTest" data-provider="logintestdata" finished-at="2022-06-13T20:03:44 EDT" duration-ms="11234" status="PASS">
          <params>
            <param index="0">
              <value>
                <![CDATA[admin]]>
              </value>
            </param>
            <param index="1">
              <value>
                <![CDATA[admin123]]>
              </value>
            </param>
          </params>
          <reporter-output>
          </reporter-output>
        </test-method> <!-- loginTest -->
        <test-method signature="loginTest(java.lang.Object,java.lang.Object)[pri:0, instance:com.qa.company.dataprovider.ExcelDataProvider@99af41d]" started-at="2022-06-13T20:03:44 EDT" name="loginTest" data-provider="logintestdata" finished-at="2022-06-13T20:03:54 EDT" duration-ms="9536" status="FAIL">
          <params>
            <param index="0">
              <value>
                <![CDATA[user2]]>
              </value>
            </param>
            <param index="1">
              <value>
                <![CDATA[password12]]>
              </value>
            </param>
          </params>
          <exception class="org.openqa.selenium.NoSuchElementException">
            <message>
              <![CDATA[Cannot locate an element using id=welcome
For documentation on this error, please visit: https://www.seleniumhq.org/exceptions/no_such_element.html
Build info: version: '3.141.59', revision: 'e82be7d358', time: '2018-11-14T08:17:03'
System info: host: 'Jainas-Air', ip: 'fe80:0:0:0:1c70:5316:b9eb:efb7%en0', os.name: 'Mac OS X', os.arch: 'aarch64', os.version: '12.4', java.version: '11.0.15'
Driver info: driver.version: RemoteWebDriver]]>
            </message>
            <full-stacktrace>
              <![CDATA[org.openqa.selenium.NoSuchElementException: Cannot locate an element using id=welcome
For documentation on this error, please visit: https://www.seleniumhq.org/exceptions/no_such_element.html
Build info: version: '3.141.59', revision: 'e82be7d358', time: '2018-11-14T08:17:03'
System info: host: 'Jainas-Air', ip: 'fe80:0:0:0:1c70:5316:b9eb:efb7%en0', os.name: 'Mac OS X', os.arch: 'aarch64', os.version: '12.4', java.version: '11.0.15'
Driver info: driver.version: RemoteWebDriver
at org.openqa.selenium.remote.RemoteWebDriver.findElement(RemoteWebDriver.java:327)
at org.openqa.selenium.remote.RemoteWebDriver.findElementById(RemoteWebDriver.java:372)
at org.openqa.selenium.By$ById.findElement(By.java:188)
at org.openqa.selenium.remote.RemoteWebDriver.findElement(RemoteWebDriver.java:315)
at com.qa.company.dataprovider.ExcelDataProvider.loginTest(ExcelDataProvider.java:74)
at java.base/jdk.internal.reflect.NativeMethodAccessorImpl.invoke0(Native Method)
at java.base/jdk.internal.reflect.NativeMethodAccessorImpl.invoke(NativeMethodAccessorImpl.java:62)
at java.base/jdk.internal.reflect.DelegatingMethodAccessorImpl.invoke(DelegatingMethodAccessorImpl.java:43)
at java.base/java.lang.reflect.Method.invoke(Method.java:566)
at org.testng.internal.MethodInvocationHelper.invokeMethod(MethodInvocationHelper.java:133)
at org.testng.internal.TestInvoker.invokeMethod(TestInvoker.java:598)
at org.testng.internal.TestInvoker.invokeTestMethod(TestInvoker.java:173)
at org.testng.internal.MethodRunner.runInSequence(MethodRunner.java:46)
at org.testng.internal.TestInvoker$MethodInvocationAgent.invoke(TestInvoker.java:824)
at org.testng.internal.TestInvoker.invokeTestMethods(TestInvoker.java:146)
at org.testng.internal.TestMethodWorker.invokeTestMethods(TestMethodWorker.java:146)
at org.testng.internal.TestMethodWorker.run(TestMethodWorker.java:128)
at java.base/java.util.ArrayList.forEach(ArrayList.java:1541)
at org.testng.TestRunner.privateRun(TestRunner.java:794)
at org.testng.TestRunner.run(TestRunner.java:596)
at org.testng.SuiteRunner.runTest(SuiteRunner.java:377)
at org.testng.SuiteRunner.runSequentially(SuiteRunner.java:371)
at org.testng.SuiteRunner.privateRun(SuiteRunner.java:332)
at org.testng.SuiteRunner.run(SuiteRunner.java:276)
at org.testng.SuiteRunnerWorker.runSuite(SuiteRunnerWorker.java:53)
at org.testng.SuiteRunnerWorker.run(SuiteRunnerWorker.java:96)
at org.testng.TestNG.runSuitesSequentially(TestNG.java:1212)
at org.testng.TestNG.runSuitesLocally(TestNG.java:1134)
at org.testng.TestNG.runSuites(TestNG.java:1063)
at org.testng.TestNG.run(TestNG.java:1031)
at org.testng.remote.AbstractRemoteTestNG.run(AbstractRemoteTestNG.java:115)
at org.testng.remote.RemoteTestNG.initAndRun(RemoteTestNG.java:251)
at org.testng.remote.RemoteTestNG.main(RemoteTestNG.java:77)
]]>
            </full-stacktrace>
          </exception> <!-- org.openqa.selenium.NoSuchElementException -->
          <reporter-output>
          </reporter-output>
        </test-method> <!-- loginTest -->
        <test-method signature="test1(java.lang.Object,java.lang.Object,java.lang.Object)[pri:0, instance:com.qa.company.dataprovider.ExcelDataProvider@99af41d]" started-at="2022-06-13T20:03:54 EDT" name="test1" data-provider="Mydata" finished-at="2022-06-13T20:03:54 EDT" duration-ms="13" status="PASS">
          <params>
            <param index="0">
              <value>
                <![CDATA[Jaina]]>
              </value>
            </param>
            <param index="1">
              <value>
                <![CDATA[Patel]]>
              </value>
            </param>
            <param index="2">
              <value>
                <![CDATA[35]]>
              </value>
            </param>
          </params>
          <reporter-output>
          </reporter-output>
        </test-method> <!-- test1 -->
        <test-method signature="test1(java.lang.Object,java.lang.Object,java.lang.Object)[pri:0, instance:com.qa.company.dataprovider.ExcelDataProvider@99af41d]" started-at="2022-06-13T20:03:54 EDT" name="test1" data-provider="Mydata" finished-at="2022-06-13T20:03:54 EDT" duration-ms="1" status="PASS">
          <params>
            <param index="0">
              <value>
                <![CDATA[Nijal]]>
              </value>
            </param>
            <param index="1">
              <value>
                <![CDATA[shah]]>
              </value>
            </param>
            <param index="2">
              <value>
                <![CDATA[39]]>
              </value>
            </param>
          </params>
          <reporter-output>
          </reporter-output>
        </test-method> <!-- test1 -->
        <test-method signature="test1(java.lang.Object,java.lang.Object,java.lang.Object)[pri:0, instance:com.qa.company.dataprovider.ExcelDataProvider@99af41d]" started-at="2022-06-13T20:03:54 EDT" name="test1" data-provider="Mydata" finished-at="2022-06-13T20:03:54 EDT" duration-ms="2" status="PASS">
          <params>
            <param index="0">
              <value>
                <![CDATA[Pankti]]>
              </value>
            </param>
            <param index="1">
              <value>
                <![CDATA[patil]]>
              </value>
            </param>
            <param index="2">
              <value>
                <![CDATA[29]]>
              </value>
            </param>
          </params>
          <reporter-output>
          </reporter-output>
        </test-method> <!-- test1 -->
        <test-method signature="test2()[pri:0, instance:com.qa.company.dataprovider.ExcelDataProvider@99af41d]" started-at="2022-06-13T20:03:54 EDT" name="test2" finished-at="2022-06-13T20:03:54 EDT" duration-ms="1" status="PASS">
          <reporter-output>
          </reporter-output>
        </test-method> <!-- test2 -->
      </class> <!-- com.qa.company.dataprovider.ExcelDataProvider -->
    </test> <!-- Default test -->
  </suite> <!-- Default suite -->
</testng-results>
